[0m11:35:13.723882 [debug] [MainThread]: Sending event: {'category': 'dbt', 'action': 'invocation', 'label': 'start', 'context': [<snowplow_tracker.self_describing_json.SelfDescribingJson object at 0x11142ed10>, <snowplow_tracker.self_describing_json.SelfDescribingJson object at 0x11143f410>, <snowplow_tracker.self_describing_json.SelfDescribingJson object at 0x11143fd50>]}


============================== 11:35:13.731194 | d18ccfbc-8423-46c0-8a87-25c88d367028 ==============================
[0m11:35:13.731194 [info ] [MainThread]: Running with dbt=1.7.8
[0m11:35:13.732044 [debug] [MainThread]: running dbt with arguments {'printer_width': '80', 'indirect_selection': 'eager', 'write_json': 'True', 'log_cache_events': 'False', 'partial_parse': 'True', 'cache_selected_only': 'False', 'profiles_dir': '/Users/napatarayawattanapong/.dbt', 'fail_fast': 'False', 'debug': 'False', 'log_path': 'logs', 'version_check': 'True', 'warn_error': 'None', 'use_colors': 'True', 'use_experimental_parser': 'False', 'no_print': 'None', 'quiet': 'False', 'warn_error_options': 'WarnErrorOptions(include=[], exclude=[])', 'invocation_command': 'dbt init dbt_workshop', 'log_format': 'default', 'introspect': 'True', 'target_path': 'None', 'static_parser': 'True', 'send_anonymous_usage_stats': 'True'}
[0m11:35:13.733515 [debug] [MainThread]: Starter project path: /Users/napatarayawattanapong/.pyenv/versions/dbt_postgres_venv/lib/python3.11/site-packages/dbt/include/starter_project
[0m11:35:13.744444 [info ] [MainThread]: 
Your new dbt project "dbt_workshop" was created!

For more information on how to configure the profiles.yml file,
please consult the dbt documentation here:

  https://docs.getdbt.com/docs/configure-your-profile

One more thing:

Need help? Don't hesitate to reach out to us via GitHub issues or on Slack:

  https://community.getdbt.com/

Happy modeling!

[0m11:35:13.745133 [info ] [MainThread]: Setting up your profile.
[0m11:35:53.719533 [info ] [MainThread]: Profile dbt_workshop written to /Users/napatarayawattanapong/.dbt/profiles.yml using target's profile_template.yml and your supplied values. Run 'dbt debug' to validate the connection.
[0m11:35:53.722429 [debug] [MainThread]: Resource report: {"command_name": "init", "command_success": true, "command_wall_clock_time": 40.07291, "process_user_time": 1.884124, "process_kernel_time": 0.248564, "process_mem_max_rss": "99241984", "process_in_blocks": "0", "process_out_blocks": "0"}
[0m11:35:53.723388 [debug] [MainThread]: Command `dbt init` succeeded at 11:35:53.723162 after 40.07 seconds
[0m11:35:53.723990 [debug] [MainThread]: Sending event: {'category': 'dbt', 'action': 'invocation', 'label': 'end', 'context': [<snowplow_tracker.self_describing_json.SelfDescribingJson object at 0x110e860d0>, <snowplow_tracker.self_describing_json.SelfDescribingJson object at 0x10cf18890>, <snowplow_tracker.self_describing_json.SelfDescribingJson object at 0x10cf068d0>]}
[0m11:35:53.724600 [debug] [MainThread]: Flushing usage events
[0m11:37:54.742155 [debug] [MainThread]: Sending event: {'category': 'dbt', 'action': 'invocation', 'label': 'start', 'context': [<snowplow_tracker.self_describing_json.SelfDescribingJson object at 0x10ac41790>, <snowplow_tracker.self_describing_json.SelfDescribingJson object at 0x10ac53dd0>, <snowplow_tracker.self_describing_json.SelfDescribingJson object at 0x10ac53d90>]}


============================== 11:37:54.748257 | 2f79171a-d417-421c-a169-ea61e7a22b3b ==============================
[0m11:37:54.748257 [info ] [MainThread]: Running with dbt=1.7.8
[0m11:37:54.749376 [debug] [MainThread]: running dbt with arguments {'printer_width': '80', 'indirect_selection': 'eager', 'log_cache_events': 'False', 'write_json': 'True', 'partial_parse': 'True', 'cache_selected_only': 'False', 'profiles_dir': '/Users/napatarayawattanapong/.dbt', 'version_check': 'True', 'fail_fast': 'False', 'log_path': 'logs', 'warn_error': 'None', 'debug': 'False', 'use_colors': 'True', 'use_experimental_parser': 'False', 'no_print': 'None', 'quiet': 'False', 'warn_error_options': 'WarnErrorOptions(include=[], exclude=[])', 'introspect': 'True', 'static_parser': 'True', 'invocation_command': 'dbt seed', 'target_path': 'None', 'log_format': 'default', 'send_anonymous_usage_stats': 'True'}
[0m11:37:54.750291 [error] [MainThread]: Encountered an error:
Runtime Error
  No dbt_project.yml found at expected path /Users/napatarayawattanapong/Desktop/Dyson/knowledge_sharing/dbt-workshop/dbt_project.yml
  Verify that each entry within packages.yml (and their transitive dependencies) contains a file named dbt_project.yml
  
[0m11:37:54.753677 [debug] [MainThread]: Resource report: {"command_name": "seed", "command_wall_clock_time": 0.077795096, "process_user_time": 1.948498, "process_kernel_time": 0.33305, "process_mem_max_rss": "97738752", "command_success": false, "process_in_blocks": "0", "process_out_blocks": "0"}
[0m11:37:54.754743 [debug] [MainThread]: Command `dbt seed` failed at 11:37:54.754474 after 0.08 seconds
[0m11:37:54.755478 [debug] [MainThread]: Sending event: {'category': 'dbt', 'action': 'invocation', 'label': 'end', 'context': [<snowplow_tracker.self_describing_json.SelfDescribingJson object at 0x10ac42550>, <snowplow_tracker.self_describing_json.SelfDescribingJson object at 0x1066928d0>, <snowplow_tracker.self_describing_json.SelfDescribingJson object at 0x10a565e50>]}
[0m11:37:54.756126 [debug] [MainThread]: Flushing usage events
